INFO:root:Gateway, get_RFsignal : 23 error 2020-08-27 18:39:40
INFO:root:Gateway, get_RFsignal : 24 error 2020-08-27 18:39:40
INFO:root:Lay Data tu sensor Chu ky 120s : 2020-08-27 18:41:40
INFO:root:Gateway, Get_main_parameter : 1 error 2020-08-27 18:41:40
INFO:root:Gateway, Get_battery : 1 error 2020-08-27 18:41:40
INFO:root:Gateway, get_RFsignal : 1 error 2020-08-27 18:41:40
INFO:root:Gateway, Get_main_parameter : 2 error 2020-08-27 18:41:40
INFO:root:Gateway, Get_battery : 2 error 2020-08-27 18:41:40
INFO:root:Gateway, get_RFsignal : 2 error 2020-08-27 18:41:40
INFO:root:Gateway, Get_main_parameter : 3 error 2020-08-27 18:41:40
INFO:root:Gateway, Get_battery : 3 error 2020-08-27 18:41:40
INFO:root:Gateway, get_RFsignal : 3 error 2020-08-27 18:41:40
INFO:root:Gateway, Get_main_parameter : 4 error 2020-08-27 18:41:41
INFO:root:Gateway, Get_battery : 4 error 2020-08-27 18:41:41
INFO:root:Gateway, get_RFsignal : 4 error 2020-08-27 18:41:41
INFO:root:Gateway, Get_main_parameter : 5 error 2020-08-27 18:41:41
INFO:root:Gateway, Get_battery : 5 error 2020-08-27 18:41:41
INFO:root:Gateway, get_RFsignal : 5 error 2020-08-27 18:41:41
INFO:root:Gateway, Get_main_parameter : 6 error 2020-08-27 18:41:41
INFO:root:Gateway, Get_battery : 6 error 2020-08-27 18:41:41
INFO:root:Gateway, get_RFsignal : 6 error 2020-08-27 18:41:41
INFO:root:Gateway, Get_main_parameter : 7 error 2020-08-27 18:41:41
INFO:root:Gateway, Get_battery : 7 error 2020-08-27 18:41:41
INFO:root:Gateway, get_RFsignal : 7 error 2020-08-27 18:41:41
INFO:root:Gateway, Get_main_parameter : 8 error 2020-08-27 18:41:41
INFO:root:Gateway, Get_battery : 8 error 2020-08-27 18:41:42
INFO:root:Gateway, get_RFsignal : 8 error 2020-08-27 18:41:42
INFO:root:Gateway, Get_main_parameter : 9 error 2020-08-27 18:41:42
INFO:root:Gateway, Get_battery : 9 error 2020-08-27 18:41:42
INFO:root:Gateway, get_RFsignal : 9 error 2020-08-27 18:41:42
INFO:root:Gateway, Get_main_parameter : 10 error 2020-08-27 18:41:42
INFO:root:Gateway, Get_battery : 10 error 2020-08-27 18:41:42
INFO:root:Gateway, get_RFsignal : 10 error 2020-08-27 18:41:42
INFO:root:Gateway, Get_main_parameter : 11 error 2020-08-27 18:41:42
INFO:root:Gateway, Get_battery : 11 error 2020-08-27 18:41:42
INFO:root:Gateway, get_RFsignal : 11 error 2020-08-27 18:41:42
INFO:root:Gateway, Get_main_parameter : 12 error 2020-08-27 18:41:42
INFO:root:Gateway, Get_battery : 12 error 2020-08-27 18:41:42
INFO:root:Gateway, get_RFsignal : 12 error 2020-08-27 18:41:42
INFO:root:Gateway, Get_main_parameter : 13 error 2020-08-27 18:41:43
INFO:root:Gateway, Get_battery : 13 error 2020-08-27 18:41:43
INFO:root:Gateway, get_RFsignal : 13 error 2020-08-27 18:41:43
INFO:root:Gateway, Get_main_parameter : 14 error 2020-08-27 18:41:43
INFO:root:Gateway, Get_battery : 14 error 2020-08-27 18:41:43
INFO:root:Gateway, get_RFsignal : 14 error 2020-08-27 18:41:43
INFO:root:Gateway, Get_main_parameter : 15 error 2020-08-27 18:41:43
INFO:root:Gateway, Get_battery : 15 error 2020-08-27 18:41:43
INFO:root:Gateway, get_RFsignal : 15 error 2020-08-27 18:41:43
INFO:root:Gateway, Get_main_parameter : 17 error 2020-08-27 18:41:43
INFO:root:Gateway, Get_battery : 17 error 2020-08-27 18:41:43
INFO:root:Gateway, get_RFsignal : 17 error 2020-08-27 18:41:43
INFO:root:Gateway, Get_main_parameter : 18 error 2020-08-27 18:41:44
INFO:root:Gateway, Get_battery : 18 error 2020-08-27 18:41:44
INFO:root:Gateway, get_RFsignal : 18 error 2020-08-27 18:41:44
INFO:root:Gateway, Get_main_parameter : 19 error 2020-08-27 18:41:44
INFO:root:Gateway, Get_battery : 19 error 2020-08-27 18:41:44
INFO:root:Gateway, get_RFsignal : 19 error 2020-08-27 18:41:44
INFO:root:Gateway, Get_main_parameter : 20 error 2020-08-27 18:41:44
INFO:root:Gateway, Get_battery : 20 error 2020-08-27 18:41:44
INFO:root:Gateway, get_RFsignal : 20 error 2020-08-27 18:41:44
INFO:root:Gateway, Get_main_parameter : 21 error 2020-08-27 18:41:44
INFO:root:Gateway, Get_battery : 21 error 2020-08-27 18:41:44
INFO:root:Gateway, get_RFsignal : 21 error 2020-08-27 18:41:44
INFO:root:Gateway, Get_main_parameter : 22 error 2020-08-27 18:41:44
INFO:root:Gateway, Get_battery : 22 error 2020-08-27 18:41:45
INFO:root:Gateway, get_RFsignal : 22 error 2020-08-27 18:41:45
INFO:root:Gateway, get_Temperature : 1 error 2020-08-27 18:41:45
INFO:root:Gateway, Get_battery : 1 error 2020-08-27 18:41:45
INFO:root:Gateway, get_RFsignal : 1 error 2020-08-27 18:41:45
INFO:root:Gateway, get_RFsignal : 23 error 2020-08-27 18:41:45
INFO:root:Gateway, get_RFsignal : 24 error 2020-08-27 18:41:45
INFO:root:Lay Data tu sensor Chu ky 120s : 2020-08-27 18:43:40
INFO:root:Gateway, Get_main_parameter : 1 error 2020-08-27 18:43:40
INFO:root:Gateway, Get_battery : 1 error 2020-08-27 18:43:40
INFO:root:Gateway, get_RFsignal : 1 error 2020-08-27 18:43:40
INFO:root:Gateway, Get_main_parameter : 2 error 2020-08-27 18:43:40
INFO:root:Gateway, Get_battery : 2 error 2020-08-27 18:43:40
INFO:root:Gateway, get_RFsignal : 2 error 2020-08-27 18:43:40
INFO:root:Gateway, Get_main_parameter : 3 error 2020-08-27 18:43:40
INFO:root:Gateway, Get_battery : 3 error 2020-08-27 18:43:40
INFO:root:Gateway, get_RFsignal : 3 error 2020-08-27 18:43:40
INFO:root:Gateway, Get_main_parameter : 4 error 2020-08-27 18:43:41
INFO:root:Gateway, Get_battery : 4 error 2020-08-27 18:43:41
INFO:root:Gateway, get_RFsignal : 4 error 2020-08-27 18:43:41
INFO:root:Gateway, Get_main_parameter : 5 error 2020-08-27 18:43:41
INFO:root:Gateway, Get_battery : 5 error 2020-08-27 18:43:41
INFO:root:Gateway, get_RFsignal : 5 error 2020-08-27 18:43:41
INFO:root:Gateway, Get_main_parameter : 6 error 2020-08-27 18:43:41
INFO:root:Gateway, Get_battery : 6 error 2020-08-27 18:43:41
INFO:root:Gateway, get_RFsignal : 6 error 2020-08-27 18:43:41
INFO:root:Gateway, Get_main_parameter : 7 error 2020-08-27 18:43:41
INFO:root:Gateway, Get_battery : 7 error 2020-08-27 18:43:41
INFO:root:Gateway, get_RFsignal : 7 error 2020-08-27 18:43:41
INFO:root:Gateway, Get_main_parameter : 8 error 2020-08-27 18:43:42
INFO:root:Gateway, Get_battery : 8 error 2020-08-27 18:43:42
INFO:root:Gateway, get_RFsignal : 8 error 2020-08-27 18:43:42
INFO:root:Gateway, Get_main_parameter : 9 error 2020-08-27 18:43:42
INFO:root:Gateway, Get_battery : 9 error 2020-08-27 18:43:42
INFO:root:Gateway, get_RFsignal : 9 error 2020-08-27 18:43:42
INFO:root:Gateway, Get_main_parameter : 10 error 2020-08-27 18:43:42
INFO:root:Gateway, Get_battery : 10 error 2020-08-27 18:43:42
INFO:root:Gateway, get_RFsignal : 10 error 2020-08-27 18:43:42
INFO:root:Gateway, Get_main_parameter : 11 error 2020-08-27 18:43:42
INFO:root:Gateway, Get_battery : 11 error 2020-08-27 18:43:42
INFO:root:Gateway, get_RFsignal : 11 error 2020-08-27 18:43:42
INFO:root:Gateway, Get_main_parameter : 12 error 2020-08-27 18:43:42
INFO:root:Gateway, Get_battery : 12 error 2020-08-27 18:43:42
INFO:root:Gateway, get_RFsignal : 12 error 2020-08-27 18:43:42
INFO:root:Gateway, Get_main_parameter : 13 error 2020-08-27 18:43:43
INFO:root:Gateway, Get_battery : 13 error 2020-08-27 18:43:43
INFO:root:Gateway, get_RFsignal : 13 error 2020-08-27 18:43:43
INFO:root:Gateway, Get_main_parameter : 14 error 2020-08-27 18:43:43
INFO:root:Gateway, Get_battery : 14 error 2020-08-27 18:43:43
INFO:root:Gateway, get_RFsignal : 14 error 2020-08-27 18:43:43
INFO:root:Gateway, Get_main_parameter : 15 error 2020-08-27 18:43:43
INFO:root:Gateway, Get_battery : 15 error 2020-08-27 18:43:43
INFO:root:Gateway, get_RFsignal : 15 error 2020-08-27 18:43:43
INFO:root:Gateway, Get_main_parameter : 17 error 2020-08-27 18:43:43
INFO:root:Gateway, Get_battery : 17 error 2020-08-27 18:43:43
INFO:root:Gateway, get_RFsignal : 17 error 2020-08-27 18:43:43
INFO:root:Gateway, Get_main_parameter : 18 error 2020-08-27 18:43:44
INFO:root:Gateway, Get_battery : 18 error 2020-08-27 18:43:44
INFO:root:Gateway, get_RFsignal : 18 error 2020-08-27 18:43:44
INFO:root:Gateway, Get_main_parameter : 19 error 2020-08-27 18:43:44
INFO:root:Gateway, Get_battery : 19 error 2020-08-27 18:43:44
INFO:root:Gateway, get_RFsignal : 19 error 2020-08-27 18:43:44
INFO:root:Gateway, Get_main_parameter : 20 error 2020-08-27 18:43:44
INFO:root:Gateway, Get_battery : 20 error 2020-08-27 18:43:44
INFO:root:Gateway, get_RFsignal : 20 error 2020-08-27 18:43:44
INFO:root:Gateway, Get_main_parameter : 21 error 2020-08-27 18:43:44
INFO:root:Gateway, Get_battery : 21 error 2020-08-27 18:43:44
INFO:root:Gateway, get_RFsignal : 21 error 2020-08-27 18:43:44
INFO:root:Gateway, Get_main_parameter : 22 error 2020-08-27 18:43:45
INFO:root:Gateway, Get_battery : 22 error 2020-08-27 18:43:45
INFO:root:Gateway, get_RFsignal : 22 error 2020-08-27 18:43:45
INFO:root:Gateway, get_Temperature : 1 error 2020-08-27 18:43:45
INFO:root:Gateway, Get_battery : 1 error 2020-08-27 18:43:45
INFO:root:Gateway, get_RFsignal : 1 error 2020-08-27 18:43:45
INFO:root:Gateway, get_RFsignal : 23 error 2020-08-27 18:43:45
INFO:root:Gateway, get_RFsignal : 24 error 2020-08-27 18:43:45
INFO:root:Lay Data tu sensor Chu ky 120s : 2020-08-27 18:45:40
INFO:root:Gateway, Get_main_parameter : 1 error 2020-08-27 18:45:40
INFO:root:Gateway, Get_battery : 1 error 2020-08-27 18:45:40
INFO:root:Gateway, get_RFsignal : 1 error 2020-08-27 18:45:40
INFO:root:Gateway, Get_main_parameter : 2 error 2020-08-27 18:45:40
INFO:root:Gateway, Get_battery : 2 error 2020-08-27 18:45:40
INFO:root:Gateway, get_RFsignal : 2 error 2020-08-27 18:45:40
INFO:root:Gateway, Get_main_parameter : 3 error 2020-08-27 18:45:40
INFO:root:Gateway, Get_battery : 3 error 2020-08-27 18:45:40
INFO:root:Gateway, get_RFsignal : 3 error 2020-08-27 18:45:40
INFO:root:Gateway, Get_main_parameter : 4 error 2020-08-27 18:45:41
INFO:root:Gateway, Get_battery : 4 error 2020-08-27 18:45:41
INFO:root:Gateway, get_RFsignal : 4 error 2020-08-27 18:45:41
INFO:root:Gateway, Get_main_parameter : 5 error 2020-08-27 18:45:41
INFO:root:Gateway, Get_battery : 5 error 2020-08-27 18:45:41
INFO:root:Gateway, get_RFsignal : 5 error 2020-08-27 18:45:41
INFO:root:Gateway, Get_main_parameter : 6 error 2020-08-27 18:45:41
INFO:root:Gateway, Get_battery : 6 error 2020-08-27 18:45:41
INFO:root:Gateway, get_RFsignal : 6 error 2020-08-27 18:45:41
INFO:root:Gateway, Get_main_parameter : 7 error 2020-08-27 18:45:41
INFO:root:Gateway, Get_battery : 7 error 2020-08-27 18:45:41
INFO:root:Gateway, get_RFsignal : 7 error 2020-08-27 18:45:41
INFO:root:Gateway, Get_main_parameter : 8 error 2020-08-27 18:45:41
INFO:root:Gateway, Get_battery : 8 error 2020-08-27 18:45:42
INFO:root:Gateway, get_RFsignal : 8 error 2020-08-27 18:45:42
INFO:root:Gateway, Get_main_parameter : 9 error 2020-08-27 18:45:42
INFO:root:Gateway, Get_battery : 9 error 2020-08-27 18:45:42
INFO:root:Gateway, get_RFsignal : 9 error 2020-08-27 18:45:42
INFO:root:Gateway, Get_main_parameter : 10 error 2020-08-27 18:45:42
INFO:root:Gateway, Get_battery : 10 error 2020-08-27 18:45:42
INFO:root:Gateway, get_RFsignal : 10 error 2020-08-27 18:45:42
INFO:root:Gateway, Get_main_parameter : 11 error 2020-08-27 18:45:42
INFO:root:Gateway, Get_battery : 11 error 2020-08-27 18:45:42
INFO:root:Gateway, get_RFsignal : 11 error 2020-08-27 18:45:42
INFO:root:Gateway, Get_main_parameter : 12 error 2020-08-27 18:45:42
INFO:root:Gateway, Get_battery : 12 error 2020-08-27 18:45:42
INFO:root:Gateway, get_RFsignal : 12 error 2020-08-27 18:45:42
INFO:root:Gateway, Get_main_parameter : 13 error 2020-08-27 18:45:43
INFO:root:Gateway, Get_battery : 13 error 2020-08-27 18:45:43
INFO:root:Gateway, get_RFsignal : 13 error 2020-08-27 18:45:43
INFO:root:Gateway, Get_main_parameter : 14 error 2020-08-27 18:45:43
INFO:root:Gateway, Get_battery : 14 error 2020-08-27 18:45:43
INFO:root:Gateway, get_RFsignal : 14 error 2020-08-27 18:45:43
INFO:root:Gateway, Get_main_parameter : 15 error 2020-08-27 18:45:43
INFO:root:Gateway, Get_battery : 15 error 2020-08-27 18:45:43
INFO:root:Gateway, get_RFsignal : 15 error 2020-08-27 18:45:43
INFO:root:Gateway, Get_main_parameter : 17 error 2020-08-27 18:45:43
INFO:root:Gateway, Get_battery : 17 error 2020-08-27 18:45:43
INFO:root:Gateway, get_RFsignal : 17 error 2020-08-27 18:45:43
INFO:root:Gateway, Get_main_parameter : 18 error 2020-08-27 18:45:44
INFO:root:Gateway, Get_battery : 18 error 2020-08-27 18:45:44
INFO:root:Gateway, get_RFsignal : 18 error 2020-08-27 18:45:44
INFO:root:Gateway, Get_main_parameter : 19 error 2020-08-27 18:45:44
INFO:root:Gateway, Get_battery : 19 error 2020-08-27 18:45:44
INFO:root:Gateway, get_RFsignal : 19 error 2020-08-27 18:45:44
INFO:root:Gateway, Get_main_parameter : 20 error 2020-08-27 18:45:44
INFO:root:Gateway, Get_battery : 20 error 2020-08-27 18:45:44
INFO:root:Gateway, get_RFsignal : 20 error 2020-08-27 18:45:44
INFO:root:Gateway, Get_main_parameter : 21 error 2020-08-27 18:45:44
INFO:root:Gateway, Get_battery : 21 error 2020-08-27 18:45:44
INFO:root:Gateway, get_RFsignal : 21 error 2020-08-27 18:45:44
INFO:root:Gateway, Get_main_parameter : 22 error 2020-08-27 18:45:44
INFO:root:Gateway, Get_battery : 22 error 2020-08-27 18:45:45
INFO:root:Gateway, get_RFsignal : 22 error 2020-08-27 18:45:45
INFO:root:Gateway, get_Temperature : 1 error 2020-08-27 18:45:45
INFO:root:Gateway, Get_battery : 1 error 2020-08-27 18:45:45
INFO:root:Gateway, get_RFsignal : 1 error 2020-08-27 18:45:45
INFO:root:Gateway, get_RFsignal : 23 error 2020-08-27 18:45:45
INFO:root:Gateway, get_RFsignal : 24 error 2020-08-27 18:45:45
INFO:root:Lay Data tu sensor Chu ky 120s : 2020-08-27 18:47:40
INFO:root:Gateway, Get_main_parameter : 1 error 2020-08-27 18:47:40
INFO:root:Gateway, Get_battery : 1 error 2020-08-27 18:47:40
INFO:root:Gateway, get_RFsignal : 1 error 2020-08-27 18:47:40
INFO:root:Gateway, Get_main_parameter : 2 error 2020-08-27 18:47:40
INFO:root:Gateway, Get_battery : 2 error 2020-08-27 18:47:40
INFO:root:Gateway, get_RFsignal : 2 error 2020-08-27 18:47:40
INFO:root:Gateway, Get_main_parameter : 3 error 2020-08-27 18:47:40
INFO:root:Gateway, Get_battery : 3 error 2020-08-27 18:47:40
INFO:root:Gateway, get_RFsignal : 3 error 2020-08-27 18:47:40
INFO:root:Gateway, Get_main_parameter : 4 error 2020-08-27 18:47:41
INFO:root:Gateway, Get_battery : 4 error 2020-08-27 18:47:41
INFO:root:Gateway, get_RFsignal : 4 error 2020-08-27 18:47:41
INFO:root:Gateway, Get_main_parameter : 5 error 2020-08-27 18:47:41
INFO:root:Gateway, Get_battery : 5 error 2020-08-27 18:47:41
INFO:root:Gateway, get_RFsignal : 5 error 2020-08-27 18:47:41
INFO:root:Gateway, Get_main_parameter : 6 error 2020-08-27 18:47:41
INFO:root:Gateway, Get_battery : 6 error 2020-08-27 18:47:41
INFO:root:Gateway, get_RFsignal : 6 error 2020-08-27 18:47:41
INFO:root:Gateway, Get_main_parameter : 7 error 2020-08-27 18:47:41
INFO:root:Gateway, Get_battery : 7 error 2020-08-27 18:47:41
INFO:root:Gateway, get_RFsignal : 7 error 2020-08-27 18:47:41
INFO:root:Gateway, Get_main_parameter : 8 error 2020-08-27 18:47:41
INFO:root:Gateway, Get_battery : 8 error 2020-08-27 18:47:42
INFO:root:Gateway, get_RFsignal : 8 error 2020-08-27 18:47:42
INFO:root:Gateway, Get_main_parameter : 9 error 2020-08-27 18:47:42
INFO:root:Gateway, Get_battery : 9 error 2020-08-27 18:47:42
INFO:root:Gateway, get_RFsignal : 9 error 2020-08-27 18:47:42
INFO:root:Gateway, Get_main_parameter : 10 error 2020-08-27 18:47:42
INFO:root:Gateway, Get_battery : 10 error 2020-08-27 18:47:42
INFO:root:Gateway, get_RFsignal : 10 error 2020-08-27 18:47:42
INFO:root:Gateway, Get_main_parameter : 11 error 2020-08-27 18:47:42
INFO:root:Gateway, Get_battery : 11 error 2020-08-27 18:47:42
INFO:root:Gateway, get_RFsignal : 11 error 2020-08-27 18:47:42
INFO:root:Gateway, Get_main_parameter : 12 error 2020-08-27 18:47:42
INFO:root:Gateway, Get_battery : 12 error 2020-08-27 18:47:42
INFO:root:Gateway, get_RFsignal : 12 error 2020-08-27 18:47:42
INFO:root:Gateway, Get_main_parameter : 13 error 2020-08-27 18:47:43
INFO:root:Gateway, Get_battery : 13 error 2020-08-27 18:47:43
INFO:root:Gateway, get_RFsignal : 13 error 2020-08-27 18:47:43
INFO:root:Gateway, Get_main_parameter : 14 error 2020-08-27 18:47:43
INFO:root:Gateway, Get_battery : 14 error 2020-08-27 18:47:43
INFO:root:Gateway, get_RFsignal : 14 error 2020-08-27 18:47:43
INFO:root:Gateway, Get_main_parameter : 15 error 2020-08-27 18:47:43
INFO:root:Gateway, Get_battery : 15 error 2020-08-27 18:47:43
INFO:root:Gateway, get_RFsignal : 15 error 2020-08-27 18:47:43
INFO:root:Gateway, Get_main_parameter : 17 error 2020-08-27 18:47:43
INFO:root:Gateway, Get_battery : 17 error 2020-08-27 18:47:43
INFO:root:Gateway, get_RFsignal : 17 error 2020-08-27 18:47:43
INFO:root:Gateway, Get_main_parameter : 18 error 2020-08-27 18:47:44
INFO:root:Gateway, Get_battery : 18 error 2020-08-27 18:47:44
INFO:root:Gateway, get_RFsignal : 18 error 2020-08-27 18:47:44
INFO:root:Gateway, Get_main_parameter : 19 error 2020-08-27 18:47:44
INFO:root:Gateway, Get_battery : 19 error 2020-08-27 18:47:44
INFO:root:Gateway, get_RFsignal : 19 error 2020-08-27 18:47:44
INFO:root:Gateway, Get_main_parameter : 20 error 2020-08-27 18:47:44
INFO:root:Gateway, Get_battery : 20 error 2020-08-27 18:47:44
INFO:root:Gateway, get_RFsignal : 20 error 2020-08-27 18:47:44
INFO:root:Gateway, Get_main_parameter : 21 error 2020-08-27 18:47:44
INFO:root:Gateway, Get_battery : 21 error 2020-08-27 18:47:44
INFO:root:Gateway, get_RFsignal : 21 error 2020-08-27 18:47:44
INFO:root:Gateway, Get_main_parameter : 22 error 2020-08-27 18:47:44
INFO:root:Gateway, Get_battery : 22 error 2020-08-27 18:47:45
INFO:root:Gateway, get_RFsignal : 22 error 2020-08-27 18:47:45
INFO:root:Gateway, get_Temperature : 1 error 2020-08-27 18:47:45
INFO:root:Gateway, Get_battery : 1 error 2020-08-27 18:47:45
INFO:root:Gateway, get_RFsignal : 1 error 2020-08-27 18:47:45
INFO:root:Gateway, get_RFsignal : 23 error 2020-08-27 18:47:45
INFO:root:Gateway, get_RFsignal : 24 error 2020-08-27 18:47:45
INFO:root:Lay Data tu sensor Chu ky 120s : 2020-08-27 18:49:40
INFO:root:Gateway, Get_main_parameter : 1 error 2020-08-27 18:49:40
INFO:root:Gateway, Get_battery : 1 error 2020-08-27 18:49:40
INFO:root:Gateway, get_RFsignal : 1 error 2020-08-27 18:49:40
INFO:root:Gateway, Get_main_parameter : 2 error 2020-08-27 18:49:40
INFO:root:Gateway, Get_battery : 2 error 2020-08-27 18:49:40
INFO:root:Gateway, get_RFsignal : 2 error 2020-08-27 18:49:40
INFO:root:Gateway, Get_main_parameter : 3 error 2020-08-27 18:49:40
INFO:root:Gateway, Get_battery : 3 error 2020-08-27 18:49:40
INFO:root:Gateway, get_RFsignal : 3 error 2020-08-27 18:49:40
INFO:root:Gateway, Get_main_parameter : 4 error 2020-08-27 18:49:41
INFO:root:Gateway, Get_battery : 4 error 2020-08-27 18:49:41
INFO:root:Gateway, get_RFsignal : 4 error 2020-08-27 18:49:41
INFO:root:Gateway, Get_main_parameter : 5 error 2020-08-27 18:49:41
INFO:root:Gateway, Get_battery : 5 error 2020-08-27 18:49:41
INFO:root:Gateway, get_RFsignal : 5 error 2020-08-27 18:49:41
INFO:root:Gateway, Get_main_parameter : 6 error 2020-08-27 18:49:41
INFO:root:Gateway, Get_battery : 6 error 2020-08-27 18:49:41
INFO:root:Gateway, get_RFsignal : 6 error 2020-08-27 18:49:41
INFO:root:Gateway, Get_main_parameter : 7 error 2020-08-27 18:49:41
INFO:root:Gateway, Get_battery : 7 error 2020-08-27 18:49:41
INFO:root:Gateway, get_RFsignal : 7 error 2020-08-27 18:49:41
INFO:root:Gateway, Get_main_parameter : 8 error 2020-08-27 18:49:41
INFO:root:Gateway, Get_battery : 8 error 2020-08-27 18:49:42
INFO:root:Gateway, get_RFsignal : 8 error 2020-08-27 18:49:42
INFO:root:Gateway, Get_main_parameter : 9 error 2020-08-27 18:49:42
INFO:root:Gateway, Get_battery : 9 error 2020-08-27 18:49:42
INFO:root:Gateway, get_RFsignal : 9 error 2020-08-27 18:49:42
INFO:root:Gateway, Get_main_parameter : 10 error 2020-08-27 18:49:42
INFO:root:Gateway, Get_battery : 10 error 2020-08-27 18:49:42
INFO:root:Gateway, get_RFsignal : 10 error 2020-08-27 18:49:42
INFO:root:Gateway, Get_main_parameter : 11 error 2020-08-27 18:49:42
INFO:root:Gateway, Get_battery : 11 error 2020-08-27 18:49:42
INFO:root:Gateway, get_RFsignal : 11 error 2020-08-27 18:49:42
INFO:root:Gateway, Get_main_parameter : 12 error 2020-08-27 18:49:42
INFO:root:Gateway, Get_battery : 12 error 2020-08-27 18:49:42
INFO:root:Gateway, get_RFsignal : 12 error 2020-08-27 18:49:42
INFO:root:Gateway, Get_main_parameter : 13 error 2020-08-27 18:49:43
INFO:root:Gateway, Get_battery : 13 error 2020-08-27 18:49:43
INFO:root:Gateway, get_RFsignal : 13 error 2020-08-27 18:49:43
INFO:root:Gateway, Get_main_parameter : 14 error 2020-08-27 18:49:43
INFO:root:Gateway, Get_battery : 14 error 2020-08-27 18:49:43
INFO:root:Gateway, get_RFsignal : 14 error 2020-08-27 18:49:43
INFO:root:Gateway, Get_main_parameter : 15 error 2020-08-27 18:49:43
INFO:root:Gateway, Get_battery : 15 error 2020-08-27 18:49:43
INFO:root:Gateway, get_RFsignal : 15 error 2020-08-27 18:49:43
INFO:root:Gateway, Get_main_parameter : 17 error 2020-08-27 18:49:43
INFO:root:Gateway, Get_battery : 17 error 2020-08-27 18:49:43
INFO:root:Gateway, get_RFsignal : 17 error 2020-08-27 18:49:43
INFO:root:Gateway, Get_main_parameter : 18 error 2020-08-27 18:49:44
INFO:root:Gateway, Get_battery : 18 error 2020-08-27 18:49:44
INFO:root:Gateway, get_RFsignal : 18 error 2020-08-27 18:49:44
INFO:root:Gateway, Get_main_parameter : 19 error 2020-08-27 18:49:44
INFO:root:Gateway, Get_battery : 19 error 2020-08-27 18:49:44
INFO:root:Gateway, get_RFsignal : 19 error 2020-08-27 18:49:44
INFO:root:Gateway, Get_main_parameter : 20 error 2020-08-27 18:49:44
INFO:root:Gateway, Get_battery : 20 error 2020-08-27 18:49:44
INFO:root:Gateway, get_RFsignal : 20 error 2020-08-27 18:49:44
INFO:root:Gateway, Get_main_parameter : 21 error 2020-08-27 18:49:44
INFO:root:Gateway, Get_battery : 21 error 2020-08-27 18:49:44
INFO:root:Gateway, get_RFsignal : 21 error 2020-08-27 18:49:44
INFO:root:Gateway, Get_main_parameter : 22 error 2020-08-27 18:49:44
INFO:root:Gateway, Get_battery : 22 error 2020-08-27 18:49:45
INFO:root:Gateway, get_RFsignal : 22 error 2020-08-27 18:49:45
INFO:root:Gateway, get_Temperature : 1 error 2020-08-27 18:49:45
INFO:root:Gateway, Get_battery : 1 error 2020-08-27 18:49:45
INFO:root:Gateway, get_RFsignal : 1 error 2020-08-27 18:49:45
INFO:root:Gateway, get_RFsignal : 23 error 2020-08-27 18:49:45
INFO:root:Gateway, get_RFsignal : 24 error 2020-08-27 18:49:45
INFO:root:Gateway, get_RFsignal : 23 error 2020-08-27 18:55:39
INFO:root:Gateway, get_RFsignal : 24 error 2020-08-27 18:55:39
INFO:root:Lay Data tu sensor Chu ky 120s : 2020-08-27 18:57:39
INFO:root:Gateway, Get_main_parameter : 1 error 2020-08-27 18:57:39
INFO:root:Gateway, Get_battery : 1 error 2020-08-27 18:57:40
INFO:root:Gateway, get_RFsignal : 1 error 2020-08-27 18:57:40
INFO:root:Gateway, Get_main_parameter : 2 error 2020-08-27 18:57:40
INFO:root:Gateway, Get_battery : 2 error 2020-08-27 18:57:40
INFO:root:Gateway, get_RFsignal : 2 error 2020-08-27 18:57:40
INFO:root:Gateway, Get_main_parameter : 3 error 2020-08-27 18:57:40
INFO:root:Gateway, Get_battery : 3 error 2020-08-27 18:57:40
INFO:root:Gateway, get_RFsignal : 3 error 2020-08-27 18:57:40
INFO:root:Gateway, Get_main_parameter : 4 error 2020-08-27 18:57:40
INFO:root:Gateway, Get_battery : 4 error 2020-08-27 18:57:40
INFO:root:Gateway, get_RFsignal : 4 error 2020-08-27 18:57:40
INFO:root:Gateway, Get_main_parameter : 5 error 2020-08-27 18:57:40
INFO:root:Gateway, Get_battery : 5 error 2020-08-27 18:57:40
INFO:root:Gateway, get_RFsignal : 5 error 2020-08-27 18:57:41
INFO:root:Gateway, Get_main_parameter : 6 error 2020-08-27 18:57:41
INFO:root:Gateway, Get_battery : 6 error 2020-08-27 18:57:41
INFO:root:Gateway, get_RFsignal : 6 error 2020-08-27 18:57:41
INFO:root:Gateway, Get_main_parameter : 7 error 2020-08-27 18:57:41
INFO:root:Gateway, Get_battery : 7 error 2020-08-27 18:57:41
INFO:root:Gateway, get_RFsignal : 7 error 2020-08-27 18:57:41
INFO:root:Gateway, Get_main_parameter : 8 error 2020-08-27 18:57:41
INFO:root:Gateway, Get_battery : 8 error 2020-08-27 18:57:41
INFO:root:Gateway, get_RFsignal : 8 error 2020-08-27 18:57:41
INFO:root:Gateway, Get_main_parameter : 9 error 2020-08-27 18:57:41
INFO:root:Gateway, Get_battery : 9 error 2020-08-27 18:57:41
INFO:root:Gateway, get_RFsignal : 9 error 2020-08-27 18:57:41
INFO:root:Gateway, Get_main_parameter : 10 error 2020-08-27 18:57:42
INFO:root:Gateway, Get_battery : 10 error 2020-08-27 18:57:42
INFO:root:Gateway, get_RFsignal : 10 error 2020-08-27 18:57:42
INFO:root:Gateway, Get_main_parameter : 11 error 2020-08-27 18:57:42
INFO:root:Gateway, Get_battery : 11 error 2020-08-27 18:57:42
INFO:root:Gateway, get_RFsignal : 11 error 2020-08-27 18:57:42
INFO:root:Gateway, Get_main_parameter : 12 error 2020-08-27 18:57:42
INFO:root:Gateway, Get_battery : 12 error 2020-08-27 18:57:42
INFO:root:Gateway, get_RFsignal : 12 error 2020-08-27 18:57:42
INFO:root:Gateway, Get_main_parameter : 14 error 2020-08-27 18:57:42
INFO:root:Gateway, Get_battery : 14 error 2020-08-27 18:57:42
INFO:root:Gateway, get_RFsignal : 14 error 2020-08-27 18:57:42
INFO:root:Gateway, Get_main_parameter : 15 error 2020-08-27 18:57:43
INFO:root:Gateway, Get_battery : 15 error 2020-08-27 18:57:43
INFO:root:Gateway, get_RFsignal : 15 error 2020-08-27 18:57:43
INFO:root:Gateway, Get_main_parameter : 16 error 2020-08-27 18:57:43
INFO:root:Gateway, Get_battery : 16 error 2020-08-27 18:57:43
INFO:root:Gateway, get_RFsignal : 16 error 2020-08-27 18:57:43
INFO:root:Gateway, Get_main_parameter : 17 error 2020-08-27 18:57:43
INFO:root:Gateway, Get_battery : 17 error 2020-08-27 18:57:43
INFO:root:Gateway, get_RFsignal : 17 error 2020-08-27 18:57:43
INFO:root:Gateway, Get_main_parameter : 18 error 2020-08-27 18:57:43
INFO:root:Gateway, Get_battery : 18 error 2020-08-27 18:57:43
INFO:root:Gateway, get_RFsignal : 18 error 2020-08-27 18:57:43
INFO:root:Gateway, Get_main_parameter : 19 error 2020-08-27 18:57:43
INFO:root:Gateway, Get_battery : 19 error 2020-08-27 18:57:43
INFO:root:Gateway, get_RFsignal : 19 error 2020-08-27 18:57:44
INFO:root:Gateway, Get_main_parameter : 20 error 2020-08-27 18:57:44
INFO:root:Gateway, Get_battery : 20 error 2020-08-27 18:57:44
INFO:root:Gateway, get_RFsignal : 20 error 2020-08-27 18:57:44
INFO:root:Gateway, Get_main_parameter : 21 error 2020-08-27 18:57:44
INFO:root:Gateway, Get_battery : 21 error 2020-08-27 18:57:44
INFO:root:Gateway, get_RFsignal : 21 error 2020-08-27 18:57:44
INFO:root:Gateway, Get_main_parameter : 22 error 2020-08-27 18:57:44
INFO:root:Gateway, Get_battery : 22 error 2020-08-27 18:57:44
INFO:root:Gateway, get_RFsignal : 22 error 2020-08-27 18:57:44
INFO:root:Gateway, get_Temperature : 1 error 2020-08-27 18:57:44
INFO:root:Gateway, Get_battery : 1 error 2020-08-27 18:57:44
INFO:root:Gateway, get_RFsignal : 1 error 2020-08-27 18:57:44
INFO:root:Gateway, get_RFsignal : 23 error 2020-08-27 18:57:44
INFO:root:Gateway, get_RFsignal : 24 error 2020-08-27 18:57:44
